<?xml version="1.0" encoding="UTF-8"?>
<coverage generated="1653908466971" clover="3.2.0">
  <project timestamp="1653908466972" name="All files">
    <metrics statements="4" coveredstatements="4" conditionals="0" coveredconditionals="0" methods="3" coveredmethods="3" elements="7" coveredelements="7" complexity="0" loc="4" ncloc="4" packages="1" files="3" classes="3"/>
    <file name="calculator.js" path="C:\Gry\Odim\advanced-java-script\TDD-practice\calculator.js">
      <metrics statements="1" coveredstatements="1" conditionals="0" coveredconditionals="0" methods="1" coveredmethods="1"/>
      <line num="3" count="1" type="stmt"/>
    </file>
    <file name="capitalize.js" path="C:\Gry\Odim\advanced-java-script\TDD-practice\capitalize.js">
      <metrics statements="2" coveredstatements="2" conditionals="0" coveredconditionals="0" methods="1" coveredmethods="1"/>
      <line num="2" count="2" type="stmt"/>
      <line num="3" count="2" type="stmt"/>
    </file>
    <file name="reverseString.js" path="C:\Gry\Odim\advanced-java-script\TDD-practice\reverseString.js">
      <metrics statements="1" coveredstatements="1" conditionals="0" coveredconditionals="0" methods="1" coveredmethods="1"/>
      <line num="2" count="1" type="stmt"/>
    </file>
  </project>
</coverage>
