{"C:\\Gry\\Odim\\advanced-java-script\\TDD-practice\\calculator.js": {"path":"C:\\Gry\\Odim\\advanced-java-script\\TDD-practice\\calculator.js","statementMap":{"0":{"start":{"line":3,"column":4},"end":{"line":3,"column":41}}},"fnMap":{"0":{"name":"(anonymous_0)","decl":{"start":{"line":2,"column":2},"end":{"line":2,"column":3}},"loc":{"start":{"line":2,"column":19},"end":{"line":4,"column":3}},"line":2}},"branchMap":{},"s":{"0":1},"f":{"0":1},"b":{},"_coverageSchema":"1a1c01bbd47fc00a2c39e90264f33305004495a9","hash":"154af5cc36308d86c33f9eb46640c0f247ed266a"}
,"C:\\Gry\\Odim\\advanced-java-script\\TDD-practice\\capitalize.js": {"path":"C:\\Gry\\Odim\\advanced-java-script\\TDD-practice\\capitalize.js","statementMap":{"0":{"start":{"line":2,"column":13},"end":{"line":2,"column":26}},"1":{"start":{"line":3,"column":2},"end":{"line":3,"column":54}}},"fnMap":{"0":{"name":"capitalize","decl":{"start":{"line":1,"column":9},"end":{"line":1,"column":19}},"loc":{"start":{"line":1,"column":28},"end":{"line":4,"column":1}},"line":1}},"branchMap":{},"s":{"0":2,"1":2},"f":{"0":2},"b":{},"_coverageSchema":"1a1c01bbd47fc00a2c39e90264f33305004495a9","hash":"e6867c5c723ebd4326fa2904c712f9a7bb62388b"}
,"C:\\Gry\\Odim\\advanced-java-script\\TDD-practice\\reverseString.js": {"path":"C:\\Gry\\Odim\\advanced-java-script\\TDD-practice\\reverseString.js","statementMap":{"0":{"start":{"line":2,"column":2},"end":{"line":2,"column":45}}},"fnMap":{"0":{"name":"reverseString","decl":{"start":{"line":1,"column":9},"end":{"line":1,"column":22}},"loc":{"start":{"line":1,"column":31},"end":{"line":3,"column":1}},"line":1}},"branchMap":{},"s":{"0":1},"f":{"0":1},"b":{},"_coverageSchema":"1a1c01bbd47fc00a2c39e90264f33305004495a9","hash":"4cd7694e7f904d189f44e7912fcce1e5d5eb561a"}
}
